Step: 10, Time: 0.0189912174
  max face |div B| = 5.204e-17
Step: 20, Time: 0.0379824334
  max face |div B| = 6.332e-17
Step: 30, Time: 0.0569736489
  max face |div B| = 8.153e-17
Step: 40, Time: 0.0759648643
  max face |div B| = 9.368e-17
Step: 50, Time: 0.0949560797
  max face |div B| = 9.975e-17
Step: 60, Time: 0.1139472950
  max face |div B| = 1.041e-16
Step: 70, Time: 0.1329385105
  max face |div B| = 1.110e-16
Step: 80, Time: 0.1519297257
  max face |div B| = 1.058e-16
Step: 90, Time: 0.1709209409
  max face |div B| = 1.249e-16
Step: 100, Time: 0.1899121561
  max face |div B| = 1.318e-16
Step: 110, Time: 0.2089033710
  max face |div B| = 1.388e-16
Step: 120, Time: 0.2278945854
  max face |div B| = 1.457e-16
Step: 130, Time: 0.2468858001
  max face |div B| = 1.475e-16
Step: 140, Time: 0.2658770151
  max face |div B| = 1.479e-16
Step: 150, Time: 0.2848682305
  max face |div B| = 1.476e-16
Step: 160, Time: 0.3038594462
  max face |div B| = 1.477e-16
Step: 170, Time: 0.3228506619
  max face |div B| = 1.476e-16
Step: 180, Time: 0.3418418775
  max face |div B| = 1.587e-16
Step: 190, Time: 0.3608330931
  max face |div B| = 1.476e-16
Step: 200, Time: 0.3798243086
  max face |div B| = 1.476e-16
Step: 210, Time: 0.3988155241
  max face |div B| = 1.476e-16
Step: 220, Time: 0.4178067396
  max face |div B| = 1.544e-16
Step: 230, Time: 0.4367979550
  max face |div B| = 1.683e-16
Step: 240, Time: 0.4557891705
  max face |div B| = 1.659e-16
Step: 250, Time: 0.4747803859
  max face |div B| = 1.657e-16
Step: 260, Time: 0.4937716012
  max face |div B| = 1.657e-16
Step: 270, Time: 0.5127628165
  max face |div B| = 1.657e-16
Step: 280, Time: 0.5317540317
  max face |div B| = 1.657e-16
Step: 290, Time: 0.5507452469
  max face |div B| = 1.657e-16
Step: 300, Time: 0.5697364621
  max face |div B| = 1.657e-16
Step: 310, Time: 0.5887276772
  max face |div B| = 1.657e-16
Step: 320, Time: 0.6077188924
  max face |div B| = 1.657e-16
Step: 330, Time: 0.6267101076
  max face |div B| = 1.657e-16
Step: 340, Time: 0.6457013228
  max face |div B| = 1.657e-16
Step: 350, Time: 0.6646925381
  max face |div B| = 1.657e-16
Step: 360, Time: 0.6836837535
  max face |div B| = 1.657e-16
Step: 370, Time: 0.7026749689
  max face |div B| = 1.657e-16
Step: 380, Time: 0.7216661843
  max face |div B| = 1.657e-16
Step: 390, Time: 0.7406573999
  max face |div B| = 1.657e-16
Step: 400, Time: 0.7596486154
  max face |div B| = 1.657e-16
Step: 410, Time: 0.7786398307
  max face |div B| = 1.657e-16
Step: 420, Time: 0.7976310458
  max face |div B| = 1.657e-16
Step: 430, Time: 0.8166222606
  max face |div B| = 1.657e-16
Step: 440, Time: 0.8356134750
  max face |div B| = 1.657e-16
Step: 450, Time: 0.8546046893
  max face |div B| = 1.657e-16
Step: 460, Time: 0.8735959035
  max face |div B| = 1.657e-16
Step: 470, Time: 0.8925871175
  max face |div B| = 1.657e-16
Step: 480, Time: 0.9115783315
  max face |div B| = 1.657e-16
Step: 490, Time: 0.9305695453
  max face |div B| = 1.657e-16
Step: 500, Time: 0.9495607592
  max face |div B| = 1.657e-16
Step: 510, Time: 0.9685519730
  max face |div B| = 1.787e-16
Step: 520, Time: 0.9875431868
  max face |div B| = 2.142e-16
Step: 530, Time: 1.0065344006
  max face |div B| = 1.855e-16
Step: 540, Time: 1.0255256144
  max face |div B| = 1.804e-16
Step: 550, Time: 1.0445168282
  max face |div B| = 1.735e-16
Step: 560, Time: 1.0635080420
  max face |div B| = 1.804e-16
Step: 570, Time: 1.0824992557
  max face |div B| = 1.874e-16
Step: 580, Time: 1.1014904693
  max face |div B| = 1.943e-16
Step: 590, Time: 1.1204816829
  max face |div B| = 1.804e-16
Step: 600, Time: 1.1394728965
  max face |div B| = 1.712e-16
Step: 610, Time: 1.1584641100
  max face |div B| = 1.737e-16
Step: 620, Time: 1.1774553234
  max face |div B| = 2.047e-16
Step: 630, Time: 1.1964465368
  max face |div B| = 2.012e-16
Step: 640, Time: 1.2154377501
  max face |div B| = 2.034e-16
Step: 650, Time: 1.2344289634
  max face |div B| = 2.056e-16
Step: 660, Time: 1.2534201767
  max face |div B| = 2.040e-16
Step: 670, Time: 1.2724113898
  max face |div B| = 2.186e-16
Step: 680, Time: 1.2914026030
  max face |div B| = 2.129e-16
Step: 690, Time: 1.3103938160
  max face |div B| = 2.116e-16
Step: 700, Time: 1.3293850289
  max face |div B| = 2.082e-16
Step: 710, Time: 1.3483762417
  max face |div B| = 2.220e-16
Step: 720, Time: 1.3673674544
  max face |div B| = 2.082e-16
Step: 730, Time: 1.3863586670
  max face |div B| = 2.225e-16
Step: 740, Time: 1.4053498796
  max face |div B| = 2.039e-16
Step: 750, Time: 1.4243410922
  max face |div B| = 2.039e-16
Step: 760, Time: 1.4433323048
  max face |div B| = 2.082e-16
Step: 770, Time: 1.4623235175
  max face |div B| = 2.082e-16
Step: 780, Time: 1.4813147303
  max face |div B| = 2.290e-16
Step: 790, Time: 1.5003059434
  max face |div B| = 2.290e-16
Step: 800, Time: 1.5192971566
  max face |div B| = 2.305e-16
Step: 810, Time: 1.5382883699
  max face |div B| = 2.307e-16
Step: 820, Time: 1.5572795832
  max face |div B| = 2.308e-16
Step: 830, Time: 1.5762707964
  max face |div B| = 2.308e-16
Step: 840, Time: 1.5952620093
  max face |div B| = 2.333e-16
Step: 850, Time: 1.6142532220
  max face |div B| = 2.308e-16
Step: 860, Time: 1.6332444345
  max face |div B| = 2.325e-16
Step: 870, Time: 1.6522356468
  max face |div B| = 2.429e-16
Step: 880, Time: 1.6712268591
  max face |div B| = 2.498e-16
Step: 890, Time: 1.6902180716
  max face |div B| = 2.359e-16
Step: 900, Time: 1.7092092842
  max face |div B| = 2.359e-16
Step: 910, Time: 1.7282004971
  max face |div B| = 2.533e-16
Step: 920, Time: 1.7471917100
  max face |div B| = 2.567e-16
Step: 930, Time: 1.7661829227
  max face |div B| = 2.550e-16
Step: 940, Time: 1.7851741353
  max face |div B| = 2.574e-16
Step: 950, Time: 1.8041653478
  max face |div B| = 2.572e-16
Step: 960, Time: 1.8231565604
  max face |div B| = 2.572e-16
Step: 970, Time: 1.8421477729
  max face |div B| = 2.572e-16
Step: 980, Time: 1.8611389851
  max face |div B| = 2.572e-16
Step: 990, Time: 1.8801301968
  max face |div B| = 2.572e-16
Step: 1000, Time: 1.8991214083
  max face |div B| = 2.572e-16
Step: 1010, Time: 1.9181126196
  max face |div B| = 2.572e-16
Step: 1020, Time: 1.9371038307
  max face |div B| = 2.572e-16
Step: 1030, Time: 1.9560950418
  max face |div B| = 2.572e-16
Step: 1040, Time: 1.9750862528
  max face |div B| = 2.572e-16
Step: 1050, Time: 1.9940774639
  max face |div B| = 2.572e-16
Finished at Step: 1054, Time: 2.000
JobId=10326795 JobName=N64-Movie
   UserId=wysongj2(6386657) GroupId=galaxies-REU(2480) MCS_label=N/A
   Priority=60457 Nice=0 Account=general QOS=wysongj2
   JobState=RUNNING Reason=None Dependency=(null)
   Requeue=1 Restarts=0 BatchFlag=1 Reboot=0 ExitCode=0:0
   RunTime=02:05:56 TimeLimit=12:00:00 TimeMin=N/A
   SubmitTime=2026-06-17T22:11:40 EligibleTime=2026-06-17T22:11:40
   AccrueTime=2026-06-17T22:11:40
   StartTime=2026-06-17T22:12:32 EndTime=2026-06-18T10:12:32 Deadline=N/A
   SuspendTime=None SecsPreSuspend=0 LastSchedEval=2026-06-17T22:12:32 Scheduler=Backfill
   Partition=general-long AllocNode:Sid=dev-amd20:1270133
   ReqNodeList=(null) ExcNodeList=(null)
   NodeList=skl-084
   BatchHost=skl-084
   NumNodes=1 NumCPUs=1 NumTasks=1 CPUs/Task=1 ReqB:S:C:T=0:0:*:*
   ReqTRES=cpu=1,mem=20G,node=1,billing=4
   AllocTRES=cpu=1,mem=20G,node=1,billing=4
   Socks/Node=* NtasksPerN:B:S:C=1:0:*:* CoreSpec=*
   MinCPUsNode=1 MinMemoryNode=20G MinTmpDiskNode=0
   Features=[intel18|(amr|acm)|nvf|nal|nif|agg|agx|(nfh|neh)|nel] DelayBoot=00:00:00
   OverSubscribe=OK Contiguous=0 Licenses=(null) LicensesAlloc=(null) Network=(null)
   Command=/mnt/ffs24/home/wysongj2/FVM-Hydro_MHD/MHD/2D-MHD/pjob_2D_MHD.slurm
   WorkDir=/mnt/ffs24/home/wysongj2/FVM-Hydro_MHD/MHD/2D-MHD
   Comment=stdout=/mnt/ffs24/home/wysongj2/FVM-Hydro_MHD/MHD/2D-MHD/results/Advection_PLM_HLLD_N64/output.out 
   StdErr=/mnt/ffs24/home/wysongj2/FVM-Hydro_MHD/MHD/2D-MHD/results/Advection_PLM_HLLD_N64/error.err
   StdIn=/dev/null
   StdOut=/mnt/ffs24/home/wysongj2/FVM-Hydro_MHD/MHD/2D-MHD/results/Advection_PLM_HLLD_N64/output.out
   

